<?xml version="1.0" encoding="UTF-8"?>
<robot generator="Robot 5.0.1 (Python 3.10.4 on win32)" generated="20220518 21:04:10.882" rpa="false" schemaversion="3">
<suite id="s1" name="Test" source="c:\qaninja\robot\test.robot">
<test id="s1-t1" name="Deve retornar mensagem" line="7">
<kw name="Welcome" library="app">
<var>${result}</var>
<arg>Camila</arg>
<msg timestamp="20220518 21:04:11.351" level="INFO">${result} = Olá Camila, ben-vinda ao curso básico de Robot!</msg>
<status status="PASS" starttime="20220518 21:04:11.350" endtime="20220518 21:04:11.351"/>
</kw>
<kw name="Should Be Equal" library="BuiltIn">
<arg>${result}</arg>
<arg>Olá Camila, bem-vinda ao curso básico de Robot!</arg>
<doc>Fails if the given objects are unequal.</doc>
<msg timestamp="20220518 21:04:11.456" level="FAIL">Olá Camila, ben-vinda ao curso básico de Robot! != Olá Camila, bem-vinda ao curso básico de Robot!</msg>
<status status="FAIL" starttime="20220518 21:04:11.437" endtime="20220518 21:04:11.456"/>
</kw>
<status status="FAIL" starttime="20220518 21:04:11.293" endtime="20220518 21:04:11.459">Olá Camila, ben-vinda ao curso básico de Robot! != Olá Camila, bem-vinda ao curso básico de Robot!</status>
</test>
<status status="FAIL" starttime="20220518 21:04:10.887" endtime="20220518 21:04:11.468"/>
</suite>
<statistics>
<total>
<stat pass="0" fail="1" skip="0">All Tests</stat>
</total>
<tag>
</tag>
<suite>
<stat pass="0" fail="1" skip="0" id="s1" name="Test">Test</stat>
</suite>
</statistics>
<errors>
</errors>
</robot>
